0 verbose cli /usr/local/bin/node /usr/local/lib/node_modules/npm/bin/npm-cli.js
1 info using npm@10.9.2
2 info using node@v22.17.1
3 silly config load:file:/usr/local/lib/node_modules/npm/npmrc
4 silly config load:file:/Users/canonweaver/DoorIQ/.npmrc
5 silly config load:file:/Users/canonweaver/.npmrc
6 silly config load:file:/usr/local/etc/npmrc
7 verbose title npm exec vercel link --yes --confirm
8 verbose argv "exec" "--yes" "--" "vercel" "link" "--yes" "--confirm"
9 verbose logfile logs-max:10 dir:/Users/canonweaver/DoorIQ/.npm-cache/_logs/2025-09-26T17_50_50_458Z-
10 verbose logfile /Users/canonweaver/DoorIQ/.npm-cache/_logs/2025-09-26T17_50_50_458Z-debug-0.log
11 silly logfile done cleaning log files
12 silly packumentCache heap:4345298944 maxSize:1086324736 maxEntrySize:543162368
13 http fetch GET 200 https://registry.npmjs.org/vercel 271ms (cache revalidated)
14 silly packumentCache heap:4345298944 maxSize:1086324736 maxEntrySize:543162368
15 silly packumentCache heap:4345298944 maxSize:1086324736 maxEntrySize:543162368
16 verbose cwd /Users/canonweaver/DoorIQ
17 verbose os Darwin 24.6.0
18 verbose node v22.17.1
19 verbose npm  v10.9.2
20 verbose exit 1
21 verbose code 1
